2025-11-17 13:48:29,245 - albums_api - INFO - Albums API initialized with 3 albums
2025-11-17 13:48:29,247 - albums_api - INFO - Starting Albums API server on http://0.0.0.0:8080
2025-11-17 13:48:29,247 - albums_api - DEBUG - print_this() called - accessing first album
2025-11-17 13:48:29,247 - albums_api - ERROR - Exception occurred in print_this() function
Traceback (most recent call last):
  File "/Users/varun/Dev/NEU/IE7374/Labs/Logging/src/main.py", line 135, in print_this
    result = 10 / 0  # This will raise ZeroDivisionError
ZeroDivisionError: division by zero
2025-11-17 13:48:29,249 - asyncio - DEBUG - Using selector: KqueueSelector
2025-11-17 13:49:00,347 - albums_api - INFO - Albums API initialized with 3 albums
2025-11-17 13:49:00,348 - albums_api - INFO - Starting Albums API server on http://0.0.0.0:4050
2025-11-17 13:49:00,348 - albums_api - DEBUG - print_this() called - accessing first album
2025-11-17 13:49:00,348 - albums_api - ERROR - Exception occurred in print_this() function
Traceback (most recent call last):
  File "/Users/varun/Dev/NEU/IE7374/Labs/Logging/src/main.py", line 135, in print_this
    result = 10 / 0  # This will raise ZeroDivisionError
ZeroDivisionError: division by zero
2025-11-17 13:49:00,351 - asyncio - DEBUG - Using selector: KqueueSelector
2025-11-17 13:49:31,460 - albums_api - DEBUG - Fetching all albums from the collection
2025-11-17 13:49:31,461 - albums_api - INFO - GET /albums - Returning 3 albums
2025-11-17 13:50:49,925 - albums_api - DEBUG - Attempting to add new album: {'id': '1', 'title': 'Test', 'artist': 'Test Artist', 'price': 9.99}
2025-11-17 13:50:49,925 - albums_api - WARNING - Duplicate album ID detected: 1. Overwriting existing album.
2025-11-17 13:50:49,925 - albums_api - INFO - POST /albums - Successfully added album: Test by Test Artist
2025-11-17 13:51:29,653 - albums_api - DEBUG - Attempting to update album with ID: 1
2025-11-17 13:51:29,654 - albums_api - WARNING - Significant price increase detected for album 1: $13.99 -> $50.00
2025-11-17 13:51:29,654 - albums_api - INFO - PUT /albums/1 - Successfully updated album: Life of a Showgirl
2025-11-17 13:51:51,094 - albums_api - DEBUG - Searching for album with ID: 999
2025-11-17 13:51:51,094 - albums_api - ERROR - GET /albums/999 - Album not found
2025-11-17 13:52:07,815 - albums_api - DEBUG - Attempting to delete album with ID: 2
2025-11-17 13:52:07,815 - albums_api - INFO - DELETE /albums/2 - Successfully deleted album: Brat
2025-11-17 13:52:16,919 - albums_api - DEBUG - Attempting to delete album with ID: 3
2025-11-17 13:52:16,920 - albums_api - INFO - DELETE /albums/3 - Successfully deleted album: Hurry Up Tomorrow
2025-11-17 13:52:18,620 - albums_api - DEBUG - Attempting to delete album with ID: 1
2025-11-17 13:52:18,620 - albums_api - INFO - DELETE /albums/1 - Successfully deleted album: Life of a Showgirl
